__________________________________________________________________________

Sat Aug 11 00:26:46 JST 2012

Free Memory: 16432 kB
Total Memory: 26240 kB

4 Command Line Args:
0:  -f
1:  /tmp/583392.tmp/mergeModuleLax21.properties
2:  -l
3:  en

java.class.path:
    /tmp/583392.tmp/SubInstaller2.zip
    /tmp/install.dir.2753/InstallerData
    /tmp/install.dir.2753/InstallerData/installer.zip

ZGUtil.CLASS_PATH:
    /tmp/583392.tmp/SubInstaller2.zip
    /tmp/install.dir.2753/InstallerData
    /tmp/install.dir.2753/InstallerData/installer.zip

sun.boot.class.path:
    /tmp/install.dir.2753/Linux/resource/jre/lib/rt.jar
    /tmp/install.dir.2753/Linux/resource/jre/lib/i18n.jar
    /tmp/install.dir.2753/Linux/resource/jre/lib/sunrsasign.jar
    /tmp/install.dir.2753/Linux/resource/jre/lib/jsse.jar
    /tmp/install.dir.2753/Linux/resource/jre/lib/jce.jar
    /tmp/install.dir.2753/Linux/resource/jre/lib/charsets.jar
    /tmp/install.dir.2753/Linux/resource/jre/classes

java.ext.dirs:
    /tmp/install.dir.2753/Linux/resource/jre/lib/ext

java.version                  == 1.5.0_09 (Java 2+)
java.vm.name                  == Java HotSpot(TM) Server VM
java.vm.vendor                == Sun Microsystems Inc.
java.vm.version               == 1.5.0_09-b03
java.vm.specification.name    == Java Virtual Machine Specification
java.vm.specification.vendor  == Sun Microsystems Inc.
java.vm.specification.version == 1.0
java.specification.name       == Java Platform API Specification
java.specification.vendor     == Sun Microsystems Inc.
java.specification.version    == 1.5
java.vendor                   == Sun Microsystems Inc.
java.vendor.url               == http://java.sun.com/
java.class.version            == 49.0
java.compiler                 == null
java.home                     == /tmp/install.dir.2753/Linux/resource/jre
java.io.tmpdir                == /tmp
os.name                       == Linux
os.arch                       == i386
os.version                    == 2.6.31-14-generic
path.separator                == :
file.separator                == /
file.encoding                 == UTF-8
user.name                     == root
user.home                     == /root
user.dir                      == /tmp/583392.tmp
user.language                 == ja
user.region                   == null
__________________________________________________________________________

Install Begin: Sat Aug 11 00:26:31 JST 2012
Install End: Sat Aug 11 00:26:38 JST 2012

Installed by InstallAnywhere 11.0 Enterprise Build 3890


User Interactions
-----------------


#Install
#-------
-fileOverwrite_/root/CodeSourcery/Sourcery_G++_Lite/uninstall/Uninstall_Sourcery_Gxx_JVM/Uninstall_Sourcery_Gxx_JVM.lax=Yes
-fileOverwrite_/root/CodeSourcery/Sourcery_G++_Lite/uninstall/features/JVM.key=Yes
-fileOverwrite_/root/CodeSourcery/Sourcery_G++_Lite/uninstall/create-links-iamm-jvm_files-arm-2011.03-42-arm-none-eabi=Yes
-fileOverwrite_/root/CodeSourcery/Sourcery_G++_Lite/uninstall/remove-links-iamm-jvm_files-arm-2011.03-42-arm-none-eabi=Yes

Summary
-------

Installation: Successful.

19 Successes
0 Warnings
0 NonFatalErrors
0 FatalErrors

Action Notes:

None

Install Log Detail:

Install Action:           InstallAnywhere Variable
                          Status: SUCCESSFUL

Install Action:           InstallAnywhere Variable
                          Status: SUCCESSFUL

Install Action:           InstallAnywhere Variable
                          Status: SUCCESSFUL

Check Disk Space:         /root/CodeSourcery/Sourcery_G++_Lite
                          Status: SUCCESSFUL
                          Additional Notes: NOTE - Required Disk Space: 93,701,191; Free Disk Space: 10,944,790,528

Install Directory:        /root/CodeSourcery/Sourcery_G++_Lite/jre
                          Status: SUCCESSFUL

Install JRE:              /root/CodeSourcery/Sourcery_G++_Lite/jre
                          Status: SUCCESSFUL

Install Directory:        /root/CodeSourcery/Sourcery_G++_Lite/
                          Status: SUCCESSFUL
                          Additional Notes: NOTE - Directory already existed

Install Directory:        /root/CodeSourcery/Sourcery_G++_Lite/uninstall/
                          Status: SUCCESSFUL
                          Additional Notes: NOTE - Directory already existed

Install Directory:        /root/CodeSourcery/Sourcery_G++_Lite/uninstall/Uninstall_Sourcery_Gxx_JVM/
                          Status: SUCCESSFUL

Install Uninstaller:      Sourcery G++ JVM (Install All Uninstaller Components)
                          Status: SUCCESSFUL


Install File:             /root/CodeSourcery/Sourcery_G++_Lite/uninstall/Uninstall_Sourcery_Gxx_JVM/Uninstall_Sourcery_Gxx_JVM.lax
                          Status: SUCCESSFUL

Install Uninstaller:      Sourcery G++ JVM (Install All Uninstaller Components)
                          Status: SUCCESSFUL

Install Directory:        /root/CodeSourcery/Sourcery_G++_Lite/uninstall/
                          Status: SUCCESSFUL
                          Additional Notes: NOTE - Directory already existed

Install Directory:        /root/CodeSourcery/Sourcery_G++_Lite/uninstall/features/
                          Status: SUCCESSFUL
                          Additional Notes: NOTE - Directory already existed

Install File:             /root/CodeSourcery/Sourcery_G++_Lite/uninstall/features/JVM.key
                          Status: SUCCESSFUL

Install File:             /root/CodeSourcery/Sourcery_G++_Lite/uninstall/create-links-iamm-jvm_files-arm-2011.03-42-arm-none-eabi
                          Status: SUCCESSFUL

Install File:             /root/CodeSourcery/Sourcery_G++_Lite/uninstall/remove-links-iamm-jvm_files-arm-2011.03-42-arm-none-eabi
                          Status: SUCCESSFUL


